<?xml version="1.0" encoding="UTF-8"?>
<!-- Generated by org.testng.reporters.JUnitReportReporter -->
<testsuite hostname="LAPYPRINCE" failures="0" tests="12" name="PageWorks.ScenariosFinal" time="122.559" errors="0" timestamp="2024-08-28T12:51:42 IST" skipped="0">
  <testcase classname="PageWorks.ScenariosFinal" name="scenario6" time="10.036"/>
  <testcase classname="PageWorks.ScenariosFinal" name="scenario2" time="10.438"/>
  <testcase classname="PageWorks.ScenariosFinal" name="selection" time="8.688"/>
  <testcase classname="PageWorks.ScenariosFinal" name="scenario10" time="10.796"/>
  <testcase classname="PageWorks.ScenariosFinal" name="scenario3" time="11.077"/>
  <testcase classname="PageWorks.ScenariosFinal" name="scenario1" time="10.199"/>
  <testcase classname="PageWorks.ScenariosFinal" name="scenario5" time="9.055"/>
  <testcase classname="PageWorks.ScenariosFinal" name="scenario7" time="9.066"/>
  <testcase classname="PageWorks.ScenariosFinal" name="scenario8" time="10.216"/>
  <testcase classname="PageWorks.ScenariosFinal" name="scenario9" time="10.193"/>
  <testcase classname="PageWorks.ScenariosFinal" name="scenario4" time="13.132"/>
  <testcase classname="PageWorks.ScenariosFinal" name="scenario11" time="9.663"/>
</testsuite> <!-- PageWorks.ScenariosFinal -->
